<?xml version="1.0" encoding="UTF-8"?>
<!-- Generated by org.testng.reporters.JUnitXMLReporter -->
<testsuite hostname="hp" name="Default test" tests="10" failures="0" timestamp="14 Jun 2019 05:48:22 GMT" time="84.38" errors="0">
  <testcase name="registerWithValidds" time="12.272" classname="register10Users.RegistrationMercuryTours"/>
  <testcase name="registerWithValidds" time="10.177" classname="register10Users.RegistrationMercuryTours"/>
  <testcase name="registerWithValidds" time="6.993" classname="register10Users.RegistrationMercuryTours"/>
  <testcase name="registerWithValidds" time="6.861" classname="register10Users.RegistrationMercuryTours"/>
  <testcase name="registerWithValidds" time="7.978" classname="register10Users.RegistrationMercuryTours"/>
  <testcase name="registerWithValidds" time="6.357" classname="register10Users.RegistrationMercuryTours"/>
  <testcase name="registerWithValidds" time="6.649" classname="register10Users.RegistrationMercuryTours"/>
  <testcase name="registerWithValidds" time="6.654" classname="register10Users.RegistrationMercuryTours"/>
  <testcase name="registerWithValidds" time="6.64" classname="register10Users.RegistrationMercuryTours"/>
  <testcase name="registerWithValidds" time="6.4" classname="register10Users.RegistrationMercuryTours"/>
</testsuite> <!-- Default test -->
