<?xml version="1.0" encoding="UTF-8"?>
<testng-results skipped="0" failed="0" total="10" passed="10">
  <reporter-output>
  </reporter-output>
  <suite name="Default suite" duration-ms="84380" started-at="2019-06-14T05:46:58Z" finished-at="2019-06-14T05:48:22Z">
    <groups>
    </groups>
    <test name="Default test" duration-ms="84380" started-at="2019-06-14T05:46:58Z" finished-at="2019-06-14T05:48:22Z">
      <class name="register10Users.RegistrationMercuryTours">
        <test-method status="PASS" signature="openBrowser()[pri:0, instance:register10Users.RegistrationMercuryTours@25618e91]" name="openBrowser" is-config="true" duration-ms="3339" started-at="2019-06-14T11:16:54Z" finished-at="2019-06-14T11:16:58Z">
          <reporter-output>
          </reporter-output>
        </test-method> <!-- openBrowser -->
        <test-method status="PASS" signature="enterApplicationURL()[pri:0, instance:register10Users.RegistrationMercuryTours@25618e91]" name="enterApplicationURL" is-config="true" duration-ms="2242" started-at="2019-06-14T11:16:58Z" finished-at="2019-06-14T11:17:00Z">
          <reporter-output>
          </reporter-output>
        </test-method> <!-- enterApplicationURL -->
        <test-method status="PASS" signature="maximizeBrowser()[pri:0, instance:register10Users.RegistrationMercuryTours@25618e91]" name="maximizeBrowser" is-config="true" duration-ms="1134" started-at="2019-06-14T11:17:00Z" finished-at="2019-06-14T11:17:01Z">
          <reporter-output>
          </reporter-output>
        </test-method> <!-- maximizeBrowser -->
        <test-method status="PASS" signature="getAllcookies()[pri:0, instance:register10Users.RegistrationMercuryTours@25618e91]" name="getAllcookies" is-config="true" duration-ms="24" started-at="2019-06-14T11:17:01Z" finished-at="2019-06-14T11:17:01Z">
          <reporter-output>
          </reporter-output>
        </test-method> <!-- getAllcookies -->
        <test-method status="PASS" signature="registerWithValidds(java.lang.String, java.lang.String, java.lang.String, java.lang.String, java.lang.String, java.lang.String, java.lang.String, java.lang.String, java.lang.String, java.lang.String, java.lang.String, java.lang.String)[pri:0, instance:register10Users.RegistrationMercuryTours@25618e91]" name="registerWithValidds" duration-ms="12272" started-at="2019-06-14T11:17:01Z" data-provider="getdata" finished-at="2019-06-14T11:17:13Z">
          <params>
            <param index="0">
              <value>
                <![CDATA[sonal]]>
              </value>
            </param>
            <param index="1">
              <value>
                <![CDATA[kawale]]>
              </value>
            </param>
            <param index="2">
              <value>
                <![CDATA[1234567890]]>
              </value>
            </param>
            <param index="3">
              <value>
                <![CDATA[sonal123@gmail.com]]>
              </value>
            </param>
            <param index="4">
              <value>
                <![CDATA[sudarshan park]]>
              </value>
            </param>
            <param index="5">
              <value>
                <![CDATA[warje naka]]>
              </value>
            </param>
            <param index="6">
              <value>
                <![CDATA[pune]]>
              </value>
            </param>
            <param index="7">
              <value>
                <![CDATA[Maharashtra]]>
              </value>
            </param>
            <param index="8">
              <value>
                <![CDATA[123456]]>
              </value>
            </param>
            <param index="9">
              <value>
                <![CDATA[sonal1]]>
              </value>
            </param>
            <param index="10">
              <value>
                <![CDATA[pass1]]>
              </value>
            </param>
            <param index="11">
              <value>
                <![CDATA[pass1]]>
              </value>
            </param>
          </params>
          <reporter-output>
          </reporter-output>
        </test-method> <!-- registerWithValidds -->
        <test-method status="PASS" signature="captureScreenshot()[pri:0, instance:register10Users.RegistrationMercuryTours@25618e91]" name="captureScreenshot" is-config="true" duration-ms="381" started-at="2019-06-14T11:17:13Z" finished-at="2019-06-14T11:17:14Z">
          <reporter-output>
          </reporter-output>
        </test-method> <!-- captureScreenshot -->
        <test-method status="PASS" signature="getAllcookies()[pri:0, instance:register10Users.RegistrationMercuryTours@25618e91]" name="getAllcookies" is-config="true" duration-ms="8" started-at="2019-06-14T11:17:14Z" finished-at="2019-06-14T11:17:14Z">
          <reporter-output>
          </reporter-output>
        </test-method> <!-- getAllcookies -->
        <test-method status="PASS" signature="registerWithValidds(java.lang.String, java.lang.String, java.lang.String, java.lang.String, java.lang.String, java.lang.String, java.lang.String, java.lang.String, java.lang.String, java.lang.String, java.lang.String, java.lang.String)[pri:0, instance:register10Users.RegistrationMercuryTours@25618e91]" name="registerWithValidds" duration-ms="10177" started-at="2019-06-14T11:17:14Z" data-provider="getdata" finished-at="2019-06-14T11:17:24Z">
          <params>
            <param index="0">
              <value>
                <![CDATA[pankaj]]>
              </value>
            </param>
            <param index="1">
              <value>
                <![CDATA[deshmukh]]>
              </value>
            </param>
            <param index="2">
              <value>
                <![CDATA[1234567890]]>
              </value>
            </param>
            <param index="3">
              <value>
                <![CDATA[sonal123@gmail.com]]>
              </value>
            </param>
            <param index="4">
              <value>
                <![CDATA[sudarshan park]]>
              </value>
            </param>
            <param index="5">
              <value>
                <![CDATA[warje naka]]>
              </value>
            </param>
            <param index="6">
              <value>
                <![CDATA[pune]]>
              </value>
            </param>
            <param index="7">
              <value>
                <![CDATA[Maharashtra]]>
              </value>
            </param>
            <param index="8">
              <value>
                <![CDATA[123457]]>
              </value>
            </param>
            <param index="9">
              <value>
                <![CDATA[sonal2]]>
              </value>
            </param>
            <param index="10">
              <value>
                <![CDATA[pass2]]>
              </value>
            </param>
            <param index="11">
              <value>
                <![CDATA[pass2]]>
              </value>
            </param>
          </params>
          <reporter-output>
          </reporter-output>
        </test-method> <!-- registerWithValidds -->
        <test-method status="PASS" signature="captureScreenshot()[pri:0, instance:register10Users.RegistrationMercuryTours@25618e91]" name="captureScreenshot" is-config="true" duration-ms="389" started-at="2019-06-14T11:17:24Z" finished-at="2019-06-14T11:17:24Z">
          <reporter-output>
          </reporter-output>
        </test-method> <!-- captureScreenshot -->
        <test-method status="PASS" signature="getAllcookies()[pri:0, instance:register10Users.RegistrationMercuryTours@25618e91]" name="getAllcookies" is-config="true" duration-ms="8" started-at="2019-06-14T11:17:24Z" finished-at="2019-06-14T11:17:24Z">
          <reporter-output>
          </reporter-output>
        </test-method> <!-- getAllcookies -->
        <test-method status="PASS" signature="registerWithValidds(java.lang.String, java.lang.String, java.lang.String, java.lang.String, java.lang.String, java.lang.String, java.lang.String, java.lang.String, java.lang.String, java.lang.String, java.lang.String, java.lang.String)[pri:0, instance:register10Users.RegistrationMercuryTours@25618e91]" name="registerWithValidds" duration-ms="6993" started-at="2019-06-14T11:17:24Z" data-provider="getdata" finished-at="2019-06-14T11:17:31Z">
          <params>
            <param index="0">
              <value>
                <![CDATA[shashwat]]>
              </value>
            </param>
            <param index="1">
              <value>
                <![CDATA[kawale]]>
              </value>
            </param>
            <param index="2">
              <value>
                <![CDATA[1234567890]]>
              </value>
            </param>
            <param index="3">
              <value>
                <![CDATA[sonal123@gmail.com]]>
              </value>
            </param>
            <param index="4">
              <value>
                <![CDATA[sudarshan park]]>
              </value>
            </param>
            <param index="5">
              <value>
                <![CDATA[warje naka]]>
              </value>
            </param>
            <param index="6">
              <value>
                <![CDATA[pune]]>
              </value>
            </param>
            <param index="7">
              <value>
                <![CDATA[Maharashtra]]>
              </value>
            </param>
            <param index="8">
              <value>
                <![CDATA[123458]]>
              </value>
            </param>
            <param index="9">
              <value>
                <![CDATA[sonal3]]>
              </value>
            </param>
            <param index="10">
              <value>
                <![CDATA[pass3]]>
              </value>
            </param>
            <param index="11">
              <value>
                <![CDATA[pass3]]>
              </value>
            </param>
          </params>
          <reporter-output>
          </reporter-output>
        </test-method> <!-- registerWithValidds -->
        <test-method status="PASS" signature="captureScreenshot()[pri:0, instance:register10Users.RegistrationMercuryTours@25618e91]" name="captureScreenshot" is-config="true" duration-ms="366" started-at="2019-06-14T11:17:31Z" finished-at="2019-06-14T11:17:32Z">
          <reporter-output>
          </reporter-output>
        </test-method> <!-- captureScreenshot -->
        <test-method status="PASS" signature="getAllcookies()[pri:0, instance:register10Users.RegistrationMercuryTours@25618e91]" name="getAllcookies" is-config="true" duration-ms="7" started-at="2019-06-14T11:17:32Z" finished-at="2019-06-14T11:17:32Z">
          <reporter-output>
          </reporter-output>
        </test-method> <!-- getAllcookies -->
        <test-method status="PASS" signature="registerWithValidds(java.lang.String, java.lang.String, java.lang.String, java.lang.String, java.lang.String, java.lang.String, java.lang.String, java.lang.String, java.lang.String, java.lang.String, java.lang.String, java.lang.String)[pri:0, instance:register10Users.RegistrationMercuryTours@25618e91]" name="registerWithValidds" duration-ms="6861" started-at="2019-06-14T11:17:32Z" data-provider="getdata" finished-at="2019-06-14T11:17:38Z">
          <params>
            <param index="0">
              <value>
                <![CDATA[pranay]]>
              </value>
            </param>
            <param index="1">
              <value>
                <![CDATA[deshmukh]]>
              </value>
            </param>
            <param index="2">
              <value>
                <![CDATA[1234567890]]>
              </value>
            </param>
            <param index="3">
              <value>
                <![CDATA[sonal123@gmail.com]]>
              </value>
            </param>
            <param index="4">
              <value>
                <![CDATA[sudarshan park]]>
              </value>
            </param>
            <param index="5">
              <value>
                <![CDATA[warje naka]]>
              </value>
            </param>
            <param index="6">
              <value>
                <![CDATA[pune]]>
              </value>
            </param>
            <param index="7">
              <value>
                <![CDATA[Maharashtra]]>
              </value>
            </param>
            <param index="8">
              <value>
                <![CDATA[123459]]>
              </value>
            </param>
            <param index="9">
              <value>
                <![CDATA[sonal4]]>
              </value>
            </param>
            <param index="10">
              <value>
                <![CDATA[pass4]]>
              </value>
            </param>
            <param index="11">
              <value>
                <![CDATA[pass4]]>
              </value>
            </param>
          </params>
          <reporter-output>
          </reporter-output>
        </test-method> <!-- registerWithValidds -->
        <test-method status="PASS" signature="captureScreenshot()[pri:0, instance:register10Users.RegistrationMercuryTours@25618e91]" name="captureScreenshot" is-config="true" duration-ms="409" started-at="2019-06-14T11:17:38Z" finished-at="2019-06-14T11:17:39Z">
          <reporter-output>
          </reporter-output>
        </test-method> <!-- captureScreenshot -->
        <test-method status="PASS" signature="getAllcookies()[pri:0, instance:register10Users.RegistrationMercuryTours@25618e91]" name="getAllcookies" is-config="true" duration-ms="12" started-at="2019-06-14T11:17:39Z" finished-at="2019-06-14T11:17:39Z">
          <reporter-output>
          </reporter-output>
        </test-method> <!-- getAllcookies -->
        <test-method status="PASS" signature="registerWithValidds(java.lang.String, java.lang.String, java.lang.String, java.lang.String, java.lang.String, java.lang.String, java.lang.String, java.lang.String, java.lang.String, java.lang.String, java.lang.String, java.lang.String)[pri:0, instance:register10Users.RegistrationMercuryTours@25618e91]" name="registerWithValidds" duration-ms="7978" started-at="2019-06-14T11:17:39Z" data-provider="getdata" finished-at="2019-06-14T11:17:47Z">
          <params>
            <param index="0">
              <value>
                <![CDATA[divya]]>
              </value>
            </param>
            <param index="1">
              <value>
                <![CDATA[punjabi]]>
              </value>
            </param>
            <param index="2">
              <value>
                <![CDATA[1234567890]]>
              </value>
            </param>
            <param index="3">
              <value>
                <![CDATA[sonal123@gmail.com]]>
              </value>
            </param>
            <param index="4">
              <value>
                <![CDATA[sudarshan park]]>
              </value>
            </param>
            <param index="5">
              <value>
                <![CDATA[warje naka]]>
              </value>
            </param>
            <param index="6">
              <value>
                <![CDATA[pune]]>
              </value>
            </param>
            <param index="7">
              <value>
                <![CDATA[Maharashtra]]>
              </value>
            </param>
            <param index="8">
              <value>
                <![CDATA[123410]]>
              </value>
            </param>
            <param index="9">
              <value>
                <![CDATA[sonal5]]>
              </value>
            </param>
            <param index="10">
              <value>
                <![CDATA[pass5]]>
              </value>
            </param>
            <param index="11">
              <value>
                <![CDATA[pass5]]>
              </value>
            </param>
          </params>
          <reporter-output>
          </reporter-output>
        </test-method> <!-- registerWithValidds -->
        <test-method status="PASS" signature="captureScreenshot()[pri:0, instance:register10Users.RegistrationMercuryTours@25618e91]" name="captureScreenshot" is-config="true" duration-ms="364" started-at="2019-06-14T11:17:47Z" finished-at="2019-06-14T11:17:47Z">
          <reporter-output>
          </reporter-output>
        </test-method> <!-- captureScreenshot -->
        <test-method status="PASS" signature="getAllcookies()[pri:0, instance:register10Users.RegistrationMercuryTours@25618e91]" name="getAllcookies" is-config="true" duration-ms="6" started-at="2019-06-14T11:17:47Z" finished-at="2019-06-14T11:17:47Z">
          <reporter-output>
          </reporter-output>
        </test-method> <!-- getAllcookies -->
        <test-method status="PASS" signature="registerWithValidds(java.lang.String, java.lang.String, java.lang.String, java.lang.String, java.lang.String, java.lang.String, java.lang.String, java.lang.String, java.lang.String, java.lang.String, java.lang.String, java.lang.String)[pri:0, instance:register10Users.RegistrationMercuryTours@25618e91]" name="registerWithValidds" duration-ms="6357" started-at="2019-06-14T11:17:47Z" data-provider="getdata" finished-at="2019-06-14T11:17:54Z">
          <params>
            <param index="0">
              <value>
                <![CDATA[rohit]]>
              </value>
            </param>
            <param index="1">
              <value>
                <![CDATA[shende]]>
              </value>
            </param>
            <param index="2">
              <value>
                <![CDATA[1234567890]]>
              </value>
            </param>
            <param index="3">
              <value>
                <![CDATA[sonal123@gmail.com]]>
              </value>
            </param>
            <param index="4">
              <value>
                <![CDATA[sudarshan park]]>
              </value>
            </param>
            <param index="5">
              <value>
                <![CDATA[warje naka]]>
              </value>
            </param>
            <param index="6">
              <value>
                <![CDATA[pune]]>
              </value>
            </param>
            <param index="7">
              <value>
                <![CDATA[Maharashtra]]>
              </value>
            </param>
            <param index="8">
              <value>
                <![CDATA[123411]]>
              </value>
            </param>
            <param index="9">
              <value>
                <![CDATA[sonal6]]>
              </value>
            </param>
            <param index="10">
              <value>
                <![CDATA[pass6]]>
              </value>
            </param>
            <param index="11">
              <value>
                <![CDATA[pass6]]>
              </value>
            </param>
          </params>
          <reporter-output>
          </reporter-output>
        </test-method> <!-- registerWithValidds -->
        <test-method status="PASS" signature="captureScreenshot()[pri:0, instance:register10Users.RegistrationMercuryTours@25618e91]" name="captureScreenshot" is-config="true" duration-ms="380" started-at="2019-06-14T11:17:54Z" finished-at="2019-06-14T11:17:54Z">
          <reporter-output>
          </reporter-output>
        </test-method> <!-- captureScreenshot -->
        <test-method status="PASS" signature="getAllcookies()[pri:0, instance:register10Users.RegistrationMercuryTours@25618e91]" name="getAllcookies" is-config="true" duration-ms="7" started-at="2019-06-14T11:17:54Z" finished-at="2019-06-14T11:17:54Z">
          <reporter-output>
          </reporter-output>
        </test-method> <!-- getAllcookies -->
        <test-method status="PASS" signature="registerWithValidds(java.lang.String, java.lang.String, java.lang.String, java.lang.String, java.lang.String, java.lang.String, java.lang.String, java.lang.String, java.lang.String, java.lang.String, java.lang.String, java.lang.String)[pri:0, instance:register10Users.RegistrationMercuryTours@25618e91]" name="registerWithValidds" duration-ms="6649" started-at="2019-06-14T11:17:54Z" data-provider="getdata" finished-at="2019-06-14T11:18:01Z">
          <params>
            <param index="0">
              <value>
                <![CDATA[pallavi]]>
              </value>
            </param>
            <param index="1">
              <value>
                <![CDATA[jadhao]]>
              </value>
            </param>
            <param index="2">
              <value>
                <![CDATA[1234567890]]>
              </value>
            </param>
            <param index="3">
              <value>
                <![CDATA[sonal123@gmail.com]]>
              </value>
            </param>
            <param index="4">
              <value>
                <![CDATA[sudarshan park]]>
              </value>
            </param>
            <param index="5">
              <value>
                <![CDATA[warje naka]]>
              </value>
            </param>
            <param index="6">
              <value>
                <![CDATA[pune]]>
              </value>
            </param>
            <param index="7">
              <value>
                <![CDATA[Maharashtra]]>
              </value>
            </param>
            <param index="8">
              <value>
                <![CDATA[123412]]>
              </value>
            </param>
            <param index="9">
              <value>
                <![CDATA[sonal7]]>
              </value>
            </param>
            <param index="10">
              <value>
                <![CDATA[pass7]]>
              </value>
            </param>
            <param index="11">
              <value>
                <![CDATA[pass7]]>
              </value>
            </param>
          </params>
          <reporter-output>
          </reporter-output>
        </test-method> <!-- registerWithValidds -->
        <test-method status="PASS" signature="captureScreenshot()[pri:0, instance:register10Users.RegistrationMercuryTours@25618e91]" name="captureScreenshot" is-config="true" duration-ms="365" started-at="2019-06-14T11:18:01Z" finished-at="2019-06-14T11:18:01Z">
          <reporter-output>
          </reporter-output>
        </test-method> <!-- captureScreenshot -->
        <test-method status="PASS" signature="getAllcookies()[pri:0, instance:register10Users.RegistrationMercuryTours@25618e91]" name="getAllcookies" is-config="true" duration-ms="7" started-at="2019-06-14T11:18:01Z" finished-at="2019-06-14T11:18:01Z">
          <reporter-output>
          </reporter-output>
        </test-method> <!-- getAllcookies -->
        <test-method status="PASS" signature="registerWithValidds(java.lang.String, java.lang.String, java.lang.String, java.lang.String, java.lang.String, java.lang.String, java.lang.String, java.lang.String, java.lang.String, java.lang.String, java.lang.String, java.lang.String)[pri:0, instance:register10Users.RegistrationMercuryTours@25618e91]" name="registerWithValidds" duration-ms="6654" started-at="2019-06-14T11:18:01Z" data-provider="getdata" finished-at="2019-06-14T11:18:08Z">
          <params>
            <param index="0">
              <value>
                <![CDATA[pooja]]>
              </value>
            </param>
            <param index="1">
              <value>
                <![CDATA[xyz]]>
              </value>
            </param>
            <param index="2">
              <value>
                <![CDATA[1234567890]]>
              </value>
            </param>
            <param index="3">
              <value>
                <![CDATA[sonal123@gmail.com]]>
              </value>
            </param>
            <param index="4">
              <value>
                <![CDATA[sudarshan park]]>
              </value>
            </param>
            <param index="5">
              <value>
                <![CDATA[warje naka]]>
              </value>
            </param>
            <param index="6">
              <value>
                <![CDATA[pune]]>
              </value>
            </param>
            <param index="7">
              <value>
                <![CDATA[Maharashtra]]>
              </value>
            </param>
            <param index="8">
              <value>
                <![CDATA[123413]]>
              </value>
            </param>
            <param index="9">
              <value>
                <![CDATA[sonal8]]>
              </value>
            </param>
            <param index="10">
              <value>
                <![CDATA[pass8]]>
              </value>
            </param>
            <param index="11">
              <value>
                <![CDATA[pass8]]>
              </value>
            </param>
          </params>
          <reporter-output>
          </reporter-output>
        </test-method> <!-- registerWithValidds -->
        <test-method status="PASS" signature="captureScreenshot()[pri:0, instance:register10Users.RegistrationMercuryTours@25618e91]" name="captureScreenshot" is-config="true" duration-ms="389" started-at="2019-06-14T11:18:08Z" finished-at="2019-06-14T11:18:08Z">
          <reporter-output>
          </reporter-output>
        </test-method> <!-- captureScreenshot -->
        <test-method status="PASS" signature="getAllcookies()[pri:0, instance:register10Users.RegistrationMercuryTours@25618e91]" name="getAllcookies" is-config="true" duration-ms="6" started-at="2019-06-14T11:18:08Z" finished-at="2019-06-14T11:18:08Z">
          <reporter-output>
          </reporter-output>
        </test-method> <!-- getAllcookies -->
        <test-method status="PASS" signature="registerWithValidds(java.lang.String, java.lang.String, java.lang.String, java.lang.String, java.lang.String, java.lang.String, java.lang.String, java.lang.String, java.lang.String, java.lang.String, java.lang.String, java.lang.String)[pri:0, instance:register10Users.RegistrationMercuryTours@25618e91]" name="registerWithValidds" duration-ms="6640" started-at="2019-06-14T11:18:08Z" data-provider="getdata" finished-at="2019-06-14T11:18:15Z">
          <params>
            <param index="0">
              <value>
                <![CDATA[kajal]]>
              </value>
            </param>
            <param index="1">
              <value>
                <![CDATA[abc]]>
              </value>
            </param>
            <param index="2">
              <value>
                <![CDATA[1234567890]]>
              </value>
            </param>
            <param index="3">
              <value>
                <![CDATA[sonal123@gmail.com]]>
              </value>
            </param>
            <param index="4">
              <value>
                <![CDATA[sudarshan park]]>
              </value>
            </param>
            <param index="5">
              <value>
                <![CDATA[warje naka]]>
              </value>
            </param>
            <param index="6">
              <value>
                <![CDATA[pune]]>
              </value>
            </param>
            <param index="7">
              <value>
                <![CDATA[Maharashtra]]>
              </value>
            </param>
            <param index="8">
              <value>
                <![CDATA[123459]]>
              </value>
            </param>
            <param index="9">
              <value>
                <![CDATA[sonal9]]>
              </value>
            </param>
            <param index="10">
              <value>
                <![CDATA[pass9]]>
              </value>
            </param>
            <param index="11">
              <value>
                <![CDATA[pass9]]>
              </value>
            </param>
          </params>
          <reporter-output>
          </reporter-output>
        </test-method> <!-- registerWithValidds -->
        <test-method status="PASS" signature="captureScreenshot()[pri:0, instance:register10Users.RegistrationMercuryTours@25618e91]" name="captureScreenshot" is-config="true" duration-ms="360" started-at="2019-06-14T11:18:15Z" finished-at="2019-06-14T11:18:15Z">
          <reporter-output>
          </reporter-output>
        </test-method> <!-- captureScreenshot -->
        <test-method status="PASS" signature="getAllcookies()[pri:0, instance:register10Users.RegistrationMercuryTours@25618e91]" name="getAllcookies" is-config="true" duration-ms="7" started-at="2019-06-14T11:18:15Z" finished-at="2019-06-14T11:18:15Z">
          <reporter-output>
          </reporter-output>
        </test-method> <!-- getAllcookies -->
        <test-method status="PASS" signature="registerWithValidds(java.lang.String, java.lang.String, java.lang.String, java.lang.String, java.lang.String, java.lang.String, java.lang.String, java.lang.String, java.lang.String, java.lang.String, java.lang.String, java.lang.String)[pri:0, instance:register10Users.RegistrationMercuryTours@25618e91]" name="registerWithValidds" duration-ms="6400" started-at="2019-06-14T11:18:15Z" data-provider="getdata" finished-at="2019-06-14T11:18:21Z">
          <params>
            <param index="0">
              <value>
                <![CDATA[priyanka]]>
              </value>
            </param>
            <param index="1">
              <value>
                <![CDATA[ghj]]>
              </value>
            </param>
            <param index="2">
              <value>
                <![CDATA[1234567890]]>
              </value>
            </param>
            <param index="3">
              <value>
                <![CDATA[sonal123@gmail.com]]>
              </value>
            </param>
            <param index="4">
              <value>
                <![CDATA[sudarshan park]]>
              </value>
            </param>
            <param index="5">
              <value>
                <![CDATA[warje naka]]>
              </value>
            </param>
            <param index="6">
              <value>
                <![CDATA[pune]]>
              </value>
            </param>
            <param index="7">
              <value>
                <![CDATA[Maharashtra]]>
              </value>
            </param>
            <param index="8">
              <value>
                <![CDATA[123410]]>
              </value>
            </param>
            <param index="9">
              <value>
                <![CDATA[sonal10]]>
              </value>
            </param>
            <param index="10">
              <value>
                <![CDATA[pass10]]>
              </value>
            </param>
            <param index="11">
              <value>
                <![CDATA[pass10]]>
              </value>
            </param>
          </params>
          <reporter-output>
          </reporter-output>
        </test-method> <!-- registerWithValidds -->
        <test-method status="PASS" signature="captureScreenshot()[pri:0, instance:register10Users.RegistrationMercuryTours@25618e91]" name="captureScreenshot" is-config="true" duration-ms="351" started-at="2019-06-14T11:18:21Z" finished-at="2019-06-14T11:18:22Z">
          <reporter-output>
          </reporter-output>
        </test-method> <!-- captureScreenshot -->
        <test-method status="PASS" signature="deleteAllcookies()[pri:0, instance:register10Users.RegistrationMercuryTours@25618e91]" name="deleteAllcookies" is-config="true" duration-ms="122" started-at="2019-06-14T11:18:22Z" finished-at="2019-06-14T11:18:22Z">
          <reporter-output>
          </reporter-output>
        </test-method> <!-- deleteAllcookies -->
        <test-method status="PASS" signature="dbConnectionclose()[pri:0, instance:register10Users.RegistrationMercuryTours@25618e91]" name="dbConnectionclose" is-config="true" duration-ms="0" started-at="2019-06-14T11:18:22Z" finished-at="2019-06-14T11:18:22Z">
          <reporter-output>
          </reporter-output>
        </test-method> <!-- dbConnectionclose -->
        <test-method status="PASS" signature="closeBrowser()[pri:0, instance:register10Users.RegistrationMercuryTours@25618e91]" name="closeBrowser" is-config="true" duration-ms="113" started-at="2019-06-14T11:18:22Z" finished-at="2019-06-14T11:18:22Z">
          <reporter-output>
          </reporter-output>
        </test-method> <!-- closeBrowser -->
      </class> <!-- register10Users.RegistrationMercuryTours -->
    </test> <!-- Default test -->
  </suite> <!-- Default suite -->
</testng-results>
